SPECTROGRAM 
 ------------- 

Epoch 1/100, Training Loss: 4.0402
Epoch 1/100, Validation Accuracy: 29.55%
Epoch 2/100, Training Loss: 1.8113
Epoch 2/100, Validation Accuracy: 29.55%
Epoch 3/100, Training Loss: 1.7071
Epoch 3/100, Validation Accuracy: 45.45%
Epoch 4/100, Training Loss: 1.6743
Epoch 4/100, Validation Accuracy: 45.45%
Epoch 5/100, Training Loss: 1.6588
Epoch 5/100, Validation Accuracy: 42.05%
Epoch 6/100, Training Loss: 1.6150
Epoch 6/100, Validation Accuracy: 46.59%
Epoch 7/100, Training Loss: 1.5905
Epoch 7/100, Validation Accuracy: 48.86%
Epoch 8/100, Training Loss: 1.5593
Epoch 8/100, Validation Accuracy: 50.00%
Epoch 9/100, Training Loss: 1.5224
Epoch 9/100, Validation Accuracy: 39.77%
Epoch 10/100, Training Loss: 1.5118
Epoch 10/100, Validation Accuracy: 53.41%
Epoch 11/100, Training Loss: 1.4631
Epoch 11/100, Validation Accuracy: 60.23%
Epoch 12/100, Training Loss: 1.4355
Epoch 12/100, Validation Accuracy: 55.68%
Epoch 13/100, Training Loss: 1.4620
Epoch 13/100, Validation Accuracy: 53.41%
Epoch 14/100, Training Loss: 1.4326
Epoch 14/100, Validation Accuracy: 53.41%
Epoch 15/100, Training Loss: 1.3994
Epoch 15/100, Validation Accuracy: 54.55%
Epoch 16/100, Training Loss: 1.3414
Epoch 16/100, Validation Accuracy: 48.86%
Epoch 17/100, Training Loss: 1.3744
Epoch 17/100, Validation Accuracy: 54.55%
Epoch 18/100, Training Loss: 1.3973
Epoch 18/100, Validation Accuracy: 48.86%
Epoch 19/100, Training Loss: 1.3390
Epoch 19/100, Validation Accuracy: 61.36%
Epoch 20/100, Training Loss: 1.2830
Epoch 20/100, Validation Accuracy: 56.82%
Epoch 21/100, Training Loss: 1.3283
Epoch 21/100, Validation Accuracy: 52.27%
Epoch 22/100, Training Loss: 1.3025
Epoch 22/100, Validation Accuracy: 59.09%
Epoch 23/100, Training Loss: 1.2726
Epoch 23/100, Validation Accuracy: 55.68%
Epoch 24/100, Training Loss: 1.2128
Epoch 24/100, Validation Accuracy: 64.77%
Epoch 25/100, Training Loss: 1.2556
Epoch 25/100, Validation Accuracy: 60.23%
Epoch 26/100, Training Loss: 1.1983
Epoch 26/100, Validation Accuracy: 62.50%
Epoch 27/100, Training Loss: 1.1897
Epoch 27/100, Validation Accuracy: 62.50%
Epoch 28/100, Training Loss: 1.1960
Epoch 28/100, Validation Accuracy: 62.50%
Epoch 29/100, Training Loss: 1.1918
Epoch 29/100, Validation Accuracy: 62.50%
Epoch 30/100, Training Loss: 1.1894
Epoch 30/100, Validation Accuracy: 64.77%
Epoch 31/100, Training Loss: 1.2074
Epoch 31/100, Validation Accuracy: 67.05%
Epoch 32/100, Training Loss: 1.2233
Epoch 32/100, Validation Accuracy: 67.05%
Epoch 33/100, Training Loss: 1.1237
Epoch 33/100, Validation Accuracy: 64.77%
Epoch 34/100, Training Loss: 1.1609
Epoch 34/100, Validation Accuracy: 70.45%
Epoch 35/100, Training Loss: 1.1346
Epoch 35/100, Validation Accuracy: 71.59%
Epoch 36/100, Training Loss: 1.0212
Epoch 36/100, Validation Accuracy: 72.73%
Epoch 37/100, Training Loss: 1.0846
Epoch 37/100, Validation Accuracy: 61.36%
Epoch 38/100, Training Loss: 1.0789
Epoch 38/100, Validation Accuracy: 72.73%
Epoch 39/100, Training Loss: 1.0405
Epoch 39/100, Validation Accuracy: 70.45%
Epoch 40/100, Training Loss: 1.0425
Epoch 40/100, Validation Accuracy: 71.59%
Epoch 41/100, Training Loss: 1.0600
Epoch 41/100, Validation Accuracy: 70.45%
Epoch 42/100, Training Loss: 1.0408
Epoch 42/100, Validation Accuracy: 69.32%
Epoch 43/100, Training Loss: 1.0549
Epoch 43/100, Validation Accuracy: 70.45%
Epoch 44/100, Training Loss: 1.0749
Epoch 44/100, Validation Accuracy: 71.59%
Epoch 45/100, Training Loss: 1.0272
Epoch 45/100, Validation Accuracy: 68.18%
Epoch 46/100, Training Loss: 1.0137
Epoch 46/100, Validation Accuracy: 71.59%
Epoch 47/100, Training Loss: 1.0815
Epoch 47/100, Validation Accuracy: 68.18%
Epoch 48/100, Training Loss: 0.9991
Epoch 48/100, Validation Accuracy: 62.50%
Epoch 49/100, Training Loss: 1.0408
Epoch 49/100, Validation Accuracy: 70.45%
Epoch 50/100, Training Loss: 1.0020
Epoch 50/100, Validation Accuracy: 70.45%
Epoch 51/100, Training Loss: 0.9735
Epoch 51/100, Validation Accuracy: 65.91%
Epoch 52/100, Training Loss: 0.9219
Epoch 52/100, Validation Accuracy: 67.05%
Epoch 53/100, Training Loss: 0.9950
Epoch 53/100, Validation Accuracy: 65.91%
Epoch 54/100, Training Loss: 0.9402
Epoch 54/100, Validation Accuracy: 63.64%
Epoch 55/100, Training Loss: 0.9661
Epoch 55/100, Validation Accuracy: 64.77%
Epoch 56/100, Training Loss: 0.8810
Epoch 56/100, Validation Accuracy: 75.00%
Epoch 57/100, Training Loss: 0.8999
Epoch 57/100, Validation Accuracy: 71.59%
Epoch 58/100, Training Loss: 0.8542
Epoch 58/100, Validation Accuracy: 67.05%
Epoch 59/100, Training Loss: 0.8711
Epoch 59/100, Validation Accuracy: 68.18%
Epoch 60/100, Training Loss: 0.9189
Epoch 60/100, Validation Accuracy: 75.00%
Epoch 61/100, Training Loss: 0.9356
Epoch 61/100, Validation Accuracy: 71.59%
Epoch 62/100, Training Loss: 0.8821
Epoch 62/100, Validation Accuracy: 68.18%
Epoch 63/100, Training Loss: 0.8418
Epoch 63/100, Validation Accuracy: 78.41%
Epoch 64/100, Training Loss: 0.8809
Epoch 64/100, Validation Accuracy: 71.59%
Epoch 65/100, Training Loss: 0.8886
Epoch 65/100, Validation Accuracy: 64.77%
Epoch 66/100, Training Loss: 0.8686
Epoch 66/100, Validation Accuracy: 72.73%
Epoch 67/100, Training Loss: 0.8084
Epoch 67/100, Validation Accuracy: 73.86%
Epoch 68/100, Training Loss: 0.8242
Epoch 68/100, Validation Accuracy: 70.45%
Epoch 69/100, Training Loss: 0.8223
Epoch 69/100, Validation Accuracy: 68.18%
Epoch 70/100, Training Loss: 0.8530
Epoch 70/100, Validation Accuracy: 69.32%
Epoch 71/100, Training Loss: 0.8176
Epoch 71/100, Validation Accuracy: 70.45%
Epoch 72/100, Training Loss: 0.8534
Epoch 72/100, Validation Accuracy: 76.14%
Epoch 73/100, Training Loss: 0.8308
Epoch 73/100, Validation Accuracy: 70.45%
Epoch 74/100, Training Loss: 0.8307
Epoch 74/100, Validation Accuracy: 75.00%
Epoch 75/100, Training Loss: 0.7794
Epoch 75/100, Validation Accuracy: 77.27%
Epoch 76/100, Training Loss: 0.7279
Epoch 76/100, Validation Accuracy: 75.00%
Epoch 77/100, Training Loss: 0.8034
Epoch 77/100, Validation Accuracy: 67.05%
Epoch 78/100, Training Loss: 0.8256
Epoch 78/100, Validation Accuracy: 65.91%
Epoch 79/100, Training Loss: 0.7497
Epoch 79/100, Validation Accuracy: 75.00%
Epoch 80/100, Training Loss: 0.7767
Epoch 80/100, Validation Accuracy: 70.45%
Epoch 81/100, Training Loss: 0.8357
Epoch 81/100, Validation Accuracy: 70.45%
Epoch 82/100, Training Loss: 0.7729
Epoch 82/100, Validation Accuracy: 75.00%
Epoch 83/100, Training Loss: 0.7912
Epoch 83/100, Validation Accuracy: 72.73%
Epoch 84/100, Training Loss: 0.7694
Epoch 84/100, Validation Accuracy: 69.32%
Epoch 85/100, Training Loss: 0.8049
Epoch 85/100, Validation Accuracy: 70.45%
Epoch 86/100, Training Loss: 0.8055
Epoch 86/100, Validation Accuracy: 65.91%
Epoch 87/100, Training Loss: 0.7571
Epoch 87/100, Validation Accuracy: 73.86%
Epoch 88/100, Training Loss: 0.6917
Epoch 88/100, Validation Accuracy: 72.73%
Epoch 89/100, Training Loss: 0.7706
Epoch 89/100, Validation Accuracy: 70.45%
Epoch 90/100, Training Loss: 0.7324
Epoch 90/100, Validation Accuracy: 77.27%
Epoch 91/100, Training Loss: 0.7749
Epoch 91/100, Validation Accuracy: 76.14%
Epoch 92/100, Training Loss: 0.8000
Epoch 92/100, Validation Accuracy: 71.59%
Epoch 93/100, Training Loss: 0.7164
Epoch 93/100, Validation Accuracy: 73.86%
Epoch 94/100, Training Loss: 0.7933
Epoch 94/100, Validation Accuracy: 75.00%
Epoch 95/100, Training Loss: 0.6996
Epoch 95/100, Validation Accuracy: 78.41%
Epoch 96/100, Training Loss: 0.8063
Epoch 96/100, Validation Accuracy: 70.45%
Epoch 97/100, Training Loss: 0.7514
Epoch 97/100, Validation Accuracy: 78.41%
Epoch 98/100, Training Loss: 0.7155
Epoch 98/100, Validation Accuracy: 75.00%
Epoch 99/100, Training Loss: 0.7331
Epoch 99/100, Validation Accuracy: 76.14%
Epoch 100/100, Training Loss: 0.6627
Epoch 100/100, Validation Accuracy: 77.27%
Finished Training
predicted tensor([
0, 0, 0, 0, 0, 0, 0, 0, 0, 0, 0, 0, 0, 0, 0, 0, 0, 0, 0, 0, 2, 3, 1, 1, 1, 2, 2, 2, 2, 2, 0, 2], device='cuda:0') where labels tensor([
0, 0, 0, 0, 0, 0, 0, 0, 0, 0, 0, 0, 0, 0, 0, 0, 0, 0, 0, 0, 1, 1, 1, 1, 1, 2, 2, 2, 2, 2, 2, 2], device='cuda:0')
predicted tensor([
3, 2, 3, 2, 2, 0, 2, 2, 2, 2, 2, 2, 2, 3, 1, 1, 3, 3, 1, 8, 3, 3, 3, 2, 3, 3, 3, 3, 3, 3, 3, 3], device='cuda:0') where labels tensor([
2, 2, 2, 2, 2, 2, 2, 2, 2, 2, 2, 2, 2, 3, 3, 3, 3, 3, 3, 3, 3, 3, 3, 3, 3, 3, 3, 3, 3, 3, 3, 3], device='cuda:0')
predicted tensor([
1, 4, 4, 5, 5, 9, 5, 5, 5, 4, 7, 6, 6, 2, 9, 4, 8, 7, 0, 1, 1, 9, 9, 9],
       device='cuda:0') where labels tensor([
3, 4, 4, 5, 5, 5, 5, 5, 5, 5, 6, 6, 6, 6, 7, 7, 7, 7, 8, 8, 9, 9, 9, 9],
       device='cuda:0')
Test Accuracy: 75.00%
Job  finished at Wed Apr 23 00:39:52 EDT 2025
Total runtime:  DEPENDENCY
